<?xml version="1.0" encoding="UTF-8"?>
<!-- Generated by org.testng.reporters.JUnitXMLReporter -->
<testsuite hostname="theresa" name="Run on internet explorer" tests="6" failures="0" timestamp="5 Aug 2013 15:05:37 GMT" time="0.281" errors="0">
  <testcase name="@BeforeClass init" time="0.0" classname="com.testcases.TestCase1">
    <failure type="java.lang.IllegalStateException" message="The path to the driver executable must be set by the webdriver.ie.driver system property; for more information, see http://code.google.com/p/selenium/wiki/InternetExplorerDriver. The latest version can be downloaded from http://code.google.com/p/selenium/downloads/list">
      <![CDATA[java.lang.IllegalStateException: The path to the driver executable must be set by the webdriver.ie.driver system property; for more information, see http://code.google.com/p/selenium/wiki/InternetExplorerDriver. The latest version can be downloaded from http://code.google.com/p/selenium/downloads/list
	at com.google.common.base.Preconditions.checkState(Preconditions.java:176)
	at org.openqa.selenium.remote.service.DriverService.findExecutable(DriverService.java:105)
	at org.openqa.selenium.ie.InternetExplorerDriverService.access$1(InternetExplorerDriverService.java:1)
	at org.openqa.selenium.ie.InternetExplorerDriverService$Builder.build(InternetExplorerDriverService.java:265)
	at org.openqa.selenium.ie.InternetExplorerDriver.setupService(InternetExplorerDriver.java:267)
	at org.openqa.selenium.ie.InternetExplorerDriver.<init>(InternetExplorerDriver.java:172)
	at org.openqa.selenium.ie.InternetExplorerDriver.<init>(InternetExplorerDriver.java:143)
	at com.testcases.TestCase1.init(TestCase1.java:43)
... Removed 24 stack frames]]>
    </failure>
  </testcase> <!-- @BeforeClass init -->
  <testcase name="@AfterClass done" time="0.0" classname="com.testcases.TestCase1">
    <skipped/>
  </testcase> <!-- @AfterClass done -->
  <testcase name="testCase1" time="0.0" classname="com.testcases.TestCase1">
    <skipped/>
  </testcase> <!-- testCase1 -->
  <testcase name="testCase2" time="0.0" classname="com.testcases.TestCase1">
    <skipped/>
  </testcase> <!-- testCase2 -->
  <testcase name="testCase3" time="0.0" classname="com.testcases.TestCase1">
    <skipped/>
  </testcase> <!-- testCase3 -->
  <testcase name="testCase4" time="0.0" classname="com.testcases.TestCase1">
    <skipped/>
  </testcase> <!-- testCase4 -->
  <testcase name="testCase5" time="0.0" classname="com.testcases.TestCase1">
    <skipped/>
  </testcase> <!-- testCase5 -->
  <testcase name="testCase6" time="0.0" classname="com.testcases.TestCase1">
    <skipped/>
  </testcase> <!-- testCase6 -->
</testsuite> <!-- Run on internet explorer -->
