<?xml version="1.0" encoding="UTF-8"?>
<!-- Generated by org.testng.reporters.JUnitXMLReporter -->
<testsuite hostname="theresa" name="Run on chrome" tests="6" failures="0" timestamp="5 Aug 2013 15:05:36 GMT" time="0.328" errors="0">
  <testcase name="@BeforeClass init" time="0.0" classname="com.testcases.TestCase1">
    <failure type="java.lang.IllegalStateException" message="The driver executable does not exist: D:\eclipse\workspace\InterviewStreet\chromedriver.exe">
      <![CDATA[java.lang.IllegalStateException: The driver executable does not exist: D:\eclipse\workspace\InterviewStreet\chromedriver.exe
	at com.google.common.base.Preconditions.checkState(Preconditions.java:176)
	at org.openqa.selenium.remote.service.DriverService.checkExecutable(DriverService.java:117)
	at org.openqa.selenium.remote.service.DriverService.findExecutable(DriverService.java:112)
	at org.openqa.selenium.chrome.ChromeDriverService.createDefaultService(ChromeDriverService.java:75)
	at org.openqa.selenium.chrome.ChromeDriver.<init>(ChromeDriver.java:107)
	at com.testcases.TestCase1.init(TestCase1.java:37)
... Removed 24 stack frames]]>
    </failure>
  </testcase> <!-- @BeforeClass init -->
  <testcase name="@AfterClass done" time="0.0" classname="com.testcases.TestCase1">
    <skipped/>
  </testcase> <!-- @AfterClass done -->
  <testcase name="testCase1" time="0.0" classname="com.testcases.TestCase1">
    <skipped/>
  </testcase> <!-- testCase1 -->
  <testcase name="testCase2" time="0.0" classname="com.testcases.TestCase1">
    <skipped/>
  </testcase> <!-- testCase2 -->
  <testcase name="testCase3" time="0.0" classname="com.testcases.TestCase1">
    <skipped/>
  </testcase> <!-- testCase3 -->
  <testcase name="testCase4" time="0.0" classname="com.testcases.TestCase1">
    <skipped/>
  </testcase> <!-- testCase4 -->
  <testcase name="testCase5" time="0.0" classname="com.testcases.TestCase1">
    <skipped/>
  </testcase> <!-- testCase5 -->
  <testcase name="testCase6" time="0.0" classname="com.testcases.TestCase1">
    <skipped/>
  </testcase> <!-- testCase6 -->
</testsuite> <!-- Run on chrome -->
